<?xml version="1.0" encoding="UTF-8"?>
<!-- Generated by org.testng.reporters.JUnitXMLReporter -->
<testsuite ignored="0" hostname="JyothiPatnaik-9899" failures="0" tests="5" name="Test" time="65.704" errors="0" timestamp="2025-02-12T22:21:25 IST">
  <testcase classname="testCases.TC01_AccountRegistration" name="verify_accountRegistration" time="7.001"/>
  <testcase classname="testCases.TC02_Login_Account" name="verifyLogin" time="3.168"/>
  <testcase classname="testCases.TC_05_Search_and_add_Product" name="searchAndAdd" time="8.322"/>
  <testcase classname="testCases.TC_06_ViewCartPage" name="ViewCartPage" time="8.071"/>
  <testcase classname="testCases.TC_07_CheckOutPage" name="checkOut" time="23.448"/>
</testsuite> <!-- Test -->
