<?xml version="1.0" encoding="UTF-8"?>
<testng-results ignored="0" total="2" passed="2" failed="0" skipped="0">
  <reporter-output>
  </reporter-output>
  <suite started-at="2024-11-29T13:09:42 IST" name="Suite" finished-at="2024-11-29T13:10:03 IST" duration-ms="20970">
    <groups>
      <group name="Master">
        <method signature="TC01_AccountRegistration.verify_accountRegistration()[pri:0, instance:testCases.TC01_AccountRegistration@7103cb56]" name="verify_accountRegistration" class="testCases.TC01_AccountRegistration"/>
        <method signature="TC02_Login_Account.verifyLogin()[pri:0, instance:testCases.TC02_Login_Account@72c28d64]" name="verifyLogin" class="testCases.TC02_Login_Account"/>
      </group> <!-- Master -->
      <group name="Sanity">
        <method signature="TC02_Login_Account.verifyLogin()[pri:0, instance:testCases.TC02_Login_Account@72c28d64]" name="verifyLogin" class="testCases.TC02_Login_Account"/>
      </group> <!-- Sanity -->
      <group name="Regression">
        <method signature="TC01_AccountRegistration.verify_accountRegistration()[pri:0, instance:testCases.TC01_AccountRegistration@7103cb56]" name="verify_accountRegistration" class="testCases.TC01_AccountRegistration"/>
      </group> <!-- Regression -->
    </groups>
    <test started-at="2024-11-29T13:09:42 IST" name="Test" finished-at="2024-11-29T13:10:03 IST" duration-ms="20970">
      <class name="testCases.TC01_AccountRegistration">
        <test-method is-config="true" signature="setup(java.lang.String,java.lang.String)[pri:0, instance:testCases.TC01_AccountRegistration@7103cb56]" started-at="2024-11-29T13:09:42 IST" name="setup" finished-at="2024-11-29T13:09:46 IST" duration-ms="3517" status="PASS">
          <params>
            <param index="0">
              <value>
                <![CDATA[Windows]]>
              </value>
            </param>
            <param index="1">
              <value>
                <![CDATA[chrome]]>
              </value>
            </param>
          </params>
          <reporter-output>
          </reporter-output>
        </test-method> <!-- setup -->
        <test-method signature="verify_accountRegistration()[pri:0, instance:testCases.TC01_AccountRegistration@7103cb56]" started-at="2024-11-29T13:09:46 IST" name="verify_accountRegistration" finished-at="2024-11-29T13:09:53 IST" duration-ms="7527" status="PASS">
          <reporter-output>
          </reporter-output>
        </test-method> <!-- verify_accountRegistration -->
        <test-method is-config="true" signature="tearDown()[pri:0, instance:testCases.TC01_AccountRegistration@7103cb56]" started-at="2024-11-29T13:09:53 IST" name="tearDown" finished-at="2024-11-29T13:09:54 IST" duration-ms="526" status="PASS">
          <reporter-output>
          </reporter-output>
        </test-method> <!-- tearDown -->
      </class> <!-- testCases.TC01_AccountRegistration -->
      <class name="testCases.TC02_Login_Account">
        <test-method is-config="true" signature="setup(java.lang.String,java.lang.String)[pri:0, instance:testCases.TC02_Login_Account@72c28d64]" started-at="2024-11-29T13:09:54 IST" name="setup" finished-at="2024-11-29T13:09:57 IST" duration-ms="2992" status="PASS">
          <params>
            <param index="0">
              <value>
                <![CDATA[Windows]]>
              </value>
            </param>
            <param index="1">
              <value>
                <![CDATA[chrome]]>
              </value>
            </param>
          </params>
          <reporter-output>
          </reporter-output>
        </test-method> <!-- setup -->
        <test-method signature="verifyLogin()[pri:0, instance:testCases.TC02_Login_Account@72c28d64]" started-at="2024-11-29T13:09:57 IST" name="verifyLogin" finished-at="2024-11-29T13:10:02 IST" duration-ms="5591" status="PASS">
          <reporter-output>
          </reporter-output>
        </test-method> <!-- verifyLogin -->
        <test-method is-config="true" signature="tearDown()[pri:0, instance:testCases.TC02_Login_Account@72c28d64]" started-at="2024-11-29T13:10:02 IST" name="tearDown" finished-at="2024-11-29T13:10:03 IST" duration-ms="455" status="PASS">
          <reporter-output>
          </reporter-output>
        </test-method> <!-- tearDown -->
      </class> <!-- testCases.TC02_Login_Account -->
    </test> <!-- Test -->
  </suite> <!-- Suite -->
</testng-results>
