<?xml version="1.0" encoding="UTF-8"?>
<testng-results ignored="0" total="2" passed="2" failed="0" skipped="0">
  <reporter-output>
  </reporter-output>
  <suite started-at="2024-11-28T00:07:23 IST" name="Suite" finished-at="2024-11-28T00:07:44 IST" duration-ms="21310">
    <groups>
      <group name="Master">
        <method signature="TC01_AccountRegistration.verify_accountRegistration()[pri:0, instance:testCases.TC01_AccountRegistration@315f43d5]" name="verify_accountRegistration" class="testCases.TC01_AccountRegistration"/>
        <method signature="TC02_Login_Account.verifyLogin()[pri:0, instance:testCases.TC02_Login_Account@7ac2e39b]" name="verifyLogin" class="testCases.TC02_Login_Account"/>
      </group> <!-- Master -->
      <group name="Sanity">
        <method signature="TC02_Login_Account.verifyLogin()[pri:0, instance:testCases.TC02_Login_Account@7ac2e39b]" name="verifyLogin" class="testCases.TC02_Login_Account"/>
      </group> <!-- Sanity -->
      <group name="Regression">
        <method signature="TC01_AccountRegistration.verify_accountRegistration()[pri:0, instance:testCases.TC01_AccountRegistration@315f43d5]" name="verify_accountRegistration" class="testCases.TC01_AccountRegistration"/>
      </group> <!-- Regression -->
    </groups>
    <test started-at="2024-11-28T00:07:23 IST" name="Test" finished-at="2024-11-28T00:07:44 IST" duration-ms="21310">
      <class name="testCases.TC01_AccountRegistration">
        <test-method is-config="true" signature="setup(java.lang.String,java.lang.String)[pri:0, instance:testCases.TC01_AccountRegistration@315f43d5]" started-at="2024-11-28T00:07:23 IST" name="setup" finished-at="2024-11-28T00:07:27 IST" duration-ms="3313" status="PASS">
          <params>
            <param index="0">
              <value>
                <![CDATA[Windows]]>
              </value>
            </param>
            <param index="1">
              <value>
                <![CDATA[chrome]]>
              </value>
            </param>
          </params>
          <reporter-output>
          </reporter-output>
        </test-method> <!-- setup -->
        <test-method signature="verify_accountRegistration()[pri:0, instance:testCases.TC01_AccountRegistration@315f43d5]" started-at="2024-11-28T00:07:27 IST" name="verify_accountRegistration" finished-at="2024-11-28T00:07:34 IST" duration-ms="7529" status="PASS">
          <reporter-output>
          </reporter-output>
        </test-method> <!-- verify_accountRegistration -->
        <test-method is-config="true" signature="tearDown()[pri:0, instance:testCases.TC01_AccountRegistration@315f43d5]" started-at="2024-11-28T00:07:34 IST" name="tearDown" finished-at="2024-11-28T00:07:35 IST" duration-ms="461" status="PASS">
          <reporter-output>
          </reporter-output>
        </test-method> <!-- tearDown -->
      </class> <!-- testCases.TC01_AccountRegistration -->
      <class name="testCases.TC02_Login_Account">
        <test-method is-config="true" signature="setup(java.lang.String,java.lang.String)[pri:0, instance:testCases.TC02_Login_Account@7ac2e39b]" started-at="2024-11-28T00:07:35 IST" name="setup" finished-at="2024-11-28T00:07:37 IST" duration-ms="2518" status="PASS">
          <params>
            <param index="0">
              <value>
                <![CDATA[Windows]]>
              </value>
            </param>
            <param index="1">
              <value>
                <![CDATA[chrome]]>
              </value>
            </param>
          </params>
          <reporter-output>
          </reporter-output>
        </test-method> <!-- setup -->
        <test-method signature="verifyLogin()[pri:0, instance:testCases.TC02_Login_Account@7ac2e39b]" started-at="2024-11-28T00:07:37 IST" name="verifyLogin" finished-at="2024-11-28T00:07:44 IST" duration-ms="6774" status="PASS">
          <reporter-output>
          </reporter-output>
        </test-method> <!-- verifyLogin -->
        <test-method is-config="true" signature="tearDown()[pri:0, instance:testCases.TC02_Login_Account@7ac2e39b]" started-at="2024-11-28T00:07:44 IST" name="tearDown" finished-at="2024-11-28T00:07:44 IST" duration-ms="322" status="PASS">
          <reporter-output>
          </reporter-output>
        </test-method> <!-- tearDown -->
      </class> <!-- testCases.TC02_Login_Account -->
    </test> <!-- Test -->
  </suite> <!-- Suite -->
</testng-results>
