<?xml version="1.0" encoding="UTF-8"?>
<testng-results ignored="0" total="5" passed="5" failed="0" skipped="0">
  <reporter-output>
  </reporter-output>
  <suite started-at="2025-02-12T22:20:17 IST" name="Suite" finished-at="2025-02-12T22:21:23 IST" duration-ms="65704">
    <groups>
      <group name="Master">
        <method signature="TC01_AccountRegistration.verify_accountRegistration()[pri:0, instance:testCases.TC01_AccountRegistration@3d9f6567]" name="verify_accountRegistration" class="testCases.TC01_AccountRegistration"/>
        <method signature="TC02_Login_Account.verifyLogin()[pri:0, instance:testCases.TC02_Login_Account@655ef322]" name="verifyLogin" class="testCases.TC02_Login_Account"/>
      </group> <!-- Master -->
      <group name="Sanity">
        <method signature="TC02_Login_Account.verifyLogin()[pri:0, instance:testCases.TC02_Login_Account@655ef322]" name="verifyLogin" class="testCases.TC02_Login_Account"/>
      </group> <!-- Sanity -->
      <group name="Regression">
        <method signature="TC01_AccountRegistration.verify_accountRegistration()[pri:0, instance:testCases.TC01_AccountRegistration@3d9f6567]" name="verify_accountRegistration" class="testCases.TC01_AccountRegistration"/>
      </group> <!-- Regression -->
    </groups>
    <test started-at="2025-02-12T22:20:17 IST" name="Test" finished-at="2025-02-12T22:21:23 IST" duration-ms="65704">
      <class name="testCases.TC01_AccountRegistration">
        <test-method is-config="true" signature="setup(java.lang.String,java.lang.String)[pri:0, instance:testCases.TC01_AccountRegistration@3d9f6567]" started-at="2025-02-12T22:20:17 IST" name="setup" finished-at="2025-02-12T22:20:21 IST" duration-ms="3629" status="PASS">
          <params>
            <param index="0">
              <value>
                <![CDATA[Windows]]>
              </value>
            </param>
            <param index="1">
              <value>
                <![CDATA[chrome]]>
              </value>
            </param>
          </params>
          <reporter-output>
          </reporter-output>
        </test-method> <!-- setup -->
        <test-method signature="verify_accountRegistration()[pri:0, instance:testCases.TC01_AccountRegistration@3d9f6567]" started-at="2025-02-12T22:20:21 IST" name="verify_accountRegistration" finished-at="2025-02-12T22:20:28 IST" duration-ms="7001" status="PASS">
          <reporter-output>
          </reporter-output>
        </test-method> <!-- verify_accountRegistration -->
        <test-method is-config="true" signature="tearDown()[pri:0, instance:testCases.TC01_AccountRegistration@3d9f6567]" started-at="2025-02-12T22:20:28 IST" name="tearDown" finished-at="2025-02-12T22:20:28 IST" duration-ms="0" status="PASS">
          <reporter-output>
          </reporter-output>
        </test-method> <!-- tearDown -->
      </class> <!-- testCases.TC01_AccountRegistration -->
      <class name="testCases.TC02_Login_Account">
        <test-method is-config="true" signature="setup(java.lang.String,java.lang.String)[pri:0, instance:testCases.TC02_Login_Account@655ef322]" started-at="2025-02-12T22:20:28 IST" name="setup" finished-at="2025-02-12T22:20:31 IST" duration-ms="2805" status="PASS">
          <params>
            <param index="0">
              <value>
                <![CDATA[Windows]]>
              </value>
            </param>
            <param index="1">
              <value>
                <![CDATA[chrome]]>
              </value>
            </param>
          </params>
          <reporter-output>
          </reporter-output>
        </test-method> <!-- setup -->
        <test-method signature="verifyLogin()[pri:0, instance:testCases.TC02_Login_Account@655ef322]" started-at="2025-02-12T22:20:31 IST" name="verifyLogin" finished-at="2025-02-12T22:20:34 IST" duration-ms="3168" status="PASS">
          <reporter-output>
          </reporter-output>
        </test-method> <!-- verifyLogin -->
        <test-method is-config="true" signature="tearDown()[pri:0, instance:testCases.TC02_Login_Account@655ef322]" started-at="2025-02-12T22:20:34 IST" name="tearDown" finished-at="2025-02-12T22:20:34 IST" duration-ms="0" status="PASS">
          <reporter-output>
          </reporter-output>
        </test-method> <!-- tearDown -->
      </class> <!-- testCases.TC02_Login_Account -->
      <class name="testCases.TC_06_ViewCartPage">
        <test-method is-config="true" signature="setup(java.lang.String,java.lang.String)[pri:0, instance:testCases.TC_06_ViewCartPage@3401a114]" started-at="2025-02-12T22:20:45 IST" name="setup" finished-at="2025-02-12T22:20:48 IST" duration-ms="2932" status="PASS">
          <params>
            <param index="0">
              <value>
                <![CDATA[Windows]]>
              </value>
            </param>
            <param index="1">
              <value>
                <![CDATA[chrome]]>
              </value>
            </param>
          </params>
          <reporter-output>
          </reporter-output>
        </test-method> <!-- setup -->
        <test-method signature="ViewCartPage()[pri:0, instance:testCases.TC_06_ViewCartPage@3401a114]" started-at="2025-02-12T22:20:48 IST" name="ViewCartPage" finished-at="2025-02-12T22:20:56 IST" duration-ms="8071" status="PASS">
          <reporter-output>
          </reporter-output>
        </test-method> <!-- ViewCartPage -->
        <test-method is-config="true" signature="tearDown()[pri:0, instance:testCases.TC_06_ViewCartPage@3401a114]" started-at="2025-02-12T22:20:56 IST" name="tearDown" finished-at="2025-02-12T22:20:56 IST" duration-ms="1" status="PASS">
          <reporter-output>
          </reporter-output>
        </test-method> <!-- tearDown -->
      </class> <!-- testCases.TC_06_ViewCartPage -->
      <class name="testCases.TC_05_Search_and_add_Product">
        <test-method is-config="true" signature="setup(java.lang.String,java.lang.String)[pri:0, instance:testCases.TC_05_Search_and_add_Product@7e276594]" started-at="2025-02-12T22:20:34 IST" name="setup" finished-at="2025-02-12T22:20:37 IST" duration-ms="2976" status="PASS">
          <params>
            <param index="0">
              <value>
                <![CDATA[Windows]]>
              </value>
            </param>
            <param index="1">
              <value>
                <![CDATA[chrome]]>
              </value>
            </param>
          </params>
          <reporter-output>
          </reporter-output>
        </test-method> <!-- setup -->
        <test-method signature="searchAndAdd()[pri:0, instance:testCases.TC_05_Search_and_add_Product@7e276594]" started-at="2025-02-12T22:20:37 IST" name="searchAndAdd" finished-at="2025-02-12T22:20:45 IST" duration-ms="8322" status="PASS">
          <reporter-output>
          </reporter-output>
        </test-method> <!-- searchAndAdd -->
        <test-method is-config="true" signature="tearDown()[pri:0, instance:testCases.TC_05_Search_and_add_Product@7e276594]" started-at="2025-02-12T22:20:45 IST" name="tearDown" finished-at="2025-02-12T22:20:45 IST" duration-ms="5" status="PASS">
          <reporter-output>
          </reporter-output>
        </test-method> <!-- tearDown -->
      </class> <!-- testCases.TC_05_Search_and_add_Product -->
      <class name="testCases.TC_07_CheckOutPage">
        <test-method is-config="true" signature="setup(java.lang.String,java.lang.String)[pri:0, instance:testCases.TC_07_CheckOutPage@5066d65f]" started-at="2025-02-12T22:20:56 IST" name="setup" finished-at="2025-02-12T22:20:59 IST" duration-ms="2915" status="PASS">
          <params>
            <param index="0">
              <value>
                <![CDATA[Windows]]>
              </value>
            </param>
            <param index="1">
              <value>
                <![CDATA[chrome]]>
              </value>
            </param>
          </params>
          <reporter-output>
          </reporter-output>
        </test-method> <!-- setup -->
        <test-method signature="checkOut()[pri:0, instance:testCases.TC_07_CheckOutPage@5066d65f]" started-at="2025-02-12T22:20:59 IST" name="checkOut" finished-at="2025-02-12T22:21:23 IST" duration-ms="23448" status="PASS">
          <reporter-output>
          </reporter-output>
        </test-method> <!-- checkOut -->
        <test-method is-config="true" signature="tearDown()[pri:0, instance:testCases.TC_07_CheckOutPage@5066d65f]" started-at="2025-02-12T22:21:23 IST" name="tearDown" finished-at="2025-02-12T22:21:23 IST" duration-ms="7" status="PASS">
          <reporter-output>
          </reporter-output>
        </test-method> <!-- tearDown -->
      </class> <!-- testCases.TC_07_CheckOutPage -->
    </test> <!-- Test -->
  </suite> <!-- Suite -->
</testng-results>
